
The following have been reloaded with a version change:
  1) python/3.9 => python/3.11

Ultralytics YOLOv8.0.231 🚀 Python-3.9.18 torch-2.1.2+cu121 CUDA:0 (NVIDIA A100-SXM4-40GB, 40338MiB)
[34m[1mengine/trainer: [0mtask=classify, mode=train, model=yolov8n-cls.pt, data=/pscratch/sd/j/jarh1992/landslides-prj/data/deslizamiento_deteccion/, epochs=50, time=None, patience=50, batch=16, imgsz=3000, save=True, save_period=-1, cache=False, device=None, workers=8, project=None, name=train13, exist_ok=False, pretrained=True, optimizer=auto, verbose=True, seed=0, deterministic=True, single_cls=False, rect=False, cos_lr=False, close_mosaic=10, resume=False, amp=True, fraction=1.0, profile=False, freeze=None, overlap_mask=True, mask_ratio=4, dropout=0.0, val=True, split=val, save_json=False, save_hybrid=False, conf=None, iou=0.7, max_det=300, half=False, dnn=False, plots=True, source=None, vid_stride=1, stream_buffer=False, visualize=False, augment=False, agnostic_nms=False, classes=None, retina_masks=False, embed=None, show=False, save_frames=False, save_txt=False, save_conf=False, save_crop=False, show_labels=True, show_conf=True, show_boxes=True, line_width=None, format=torchscript, keras=False, optimize=False, int8=False, dynamic=False, simplify=False, opset=None, workspace=4, nms=False, lr0=0.01, lrf=0.01, momentum=0.937, weight_decay=0.0005, warmup_epochs=3.0, warmup_momentum=0.8, warmup_bias_lr=0.1, box=7.5, cls=0.5, dfl=1.5, pose=12.0, kobj=1.0, label_smoothing=0.0, nbs=64, hsv_h=0.015, hsv_s=0.7, hsv_v=0.4, degrees=0.0, translate=0.1, scale=0.5, shear=0.0, perspective=0.0, flipud=0.0, fliplr=0.5, mosaic=1.0, mixup=0.0, copy_paste=0.0, cfg=None, tracker=botsort.yaml, save_dir=/pscratch/sd/j/jarh1992/malaria-yolo/runs/classify/train13
[34m[1mtrain:[0m /pscratch/sd/j/jarh1992/landslides-prj/data/deslizamiento_deteccion/train... found 378 images in 1 classes ✅ 
[34m[1mval:[0m None...
[34m[1mtest:[0m /pscratch/sd/j/jarh1992/landslides-prj/data/deslizamiento_deteccion/test... found 67 images in 1 classes ✅ 
Overriding model.yaml nc=1000 with nc=1

                   from  n    params  module                                       arguments                     
  0                  -1  1       464  ultralytics.nn.modules.conv.Conv             [3, 16, 3, 2]                 
  1                  -1  1      4672  ultralytics.nn.modules.conv.Conv             [16, 32, 3, 2]                
  2                  -1  1      7360  ultralytics.nn.modules.block.C2f             [32, 32, 1, True]             
  3                  -1  1     18560  ultralytics.nn.modules.conv.Conv             [32, 64, 3, 2]                
  4                  -1  2     49664  ultralytics.nn.modules.block.C2f             [64, 64, 2, True]             
  5                  -1  1     73984  ultralytics.nn.modules.conv.Conv             [64, 128, 3, 2]               
  6                  -1  2    197632  ultralytics.nn.modules.block.C2f             [128, 128, 2, True]           
  7                  -1  1    295424  ultralytics.nn.modules.conv.Conv             [128, 256, 3, 2]              
  8                  -1  1    460288  ultralytics.nn.modules.block.C2f             [256, 256, 1, True]           
  9                  -1  1    331521  ultralytics.nn.modules.head.Classify         [256, 1]                      
YOLOv8n-cls summary: 99 layers, 1439569 parameters, 1439569 gradients, 3.4 GFLOPs
Transferred 156/158 items from pretrained weights
[34m[1mAMP: [0mrunning Automatic Mixed Precision (AMP) checks with YOLOv8n...
[34m[1mAMP: [0mchecks passed ✅
WARNING ⚠️ imgsz=[3000] must be multiple of max stride 32, updating to [3008]
[34m[1mtrain: [0mScanning /pscratch/sd/j/jarh1992/landslides-prj/data/deslizamiento_deteccion/train... 378 images, 0 corrupt: 100%|██████████| 378/378 [00:00<?, ?it/s][34m[1mtrain: [0mScanning /pscratch/sd/j/jarh1992/landslides-prj/data/deslizamiento_deteccion/train... 378 images, 0 corrupt: 100%|██████████| 378/378 [00:00<?, ?it/s]
[34m[1mval: [0mScanning /pscratch/sd/j/jarh1992/landslides-prj/data/deslizamiento_deteccion/test... 67 images, 0 corrupt: 100%|██████████| 67/67 [00:00<?, ?it/s][34m[1mval: [0mScanning /pscratch/sd/j/jarh1992/landslides-prj/data/deslizamiento_deteccion/test... 67 images, 0 corrupt: 100%|██████████| 67/67 [00:00<?, ?it/s]
[34m[1moptimizer:[0m 'optimizer=auto' found, ignoring 'lr0=0.01' and 'momentum=0.937' and determining best 'optimizer', 'lr0' and 'momentum' automatically... 
[34m[1moptimizer:[0m AdamW(lr=0.000714, momentum=0.9) with parameter groups 26 weight(decay=0.0), 27 weight(decay=0.0005), 27 bias(decay=0.0)
50 epochs...

      Epoch    GPU_mem       loss  Instances       Size
